Arguments: 
  /home/sophie/.nvm/versions/node/v18.16.0/bin/node /home/sophie/.nvm/versions/node/v18.16.0/bin/yarn add express axios dotenv sequelize slite3

PATH: 
  /home/sophie/.vscode-server/bin/695af097c7bd098fbf017ce3ac85e09bbc5dda06/bin/remote-cli:/home/sophie/.local/bin:/home/sophie/miniconda3/bin:/home/sophie/miniconda3/condabin:/home/sophie/.nvm/versions/node/v18.16.0/bin:/usr/local/sbin:/usr/local/bin:/usr/sbin:/usr/bin:/sbin:/bin:/usr/games:/usr/local/games:/usr/lib/wsl/lib:/mnt/c/Windows/system32:/mnt/c/Windows:/mnt/c/Windows/System32/Wbem:/mnt/c/Windows/System32/WindowsPowerShell/v1.0:/mnt/c/Windows/System32/OpenSSH:/mnt/c/Program Files/Docker/Docker/resources/bin:/mnt/c/Users/sophi/AppData/Local/Programs/Python/Python311/Scripts:/mnt/c/Users/sophi/AppData/Local/Programs/Python/Python311:/mnt/c/Users/sophi/AppData/Local/Microsoft/WindowsApps:/mnt/c/Users/sophi/AppData/Local/Programs/Microsoft VS Code/bin:/snap/bin

Yarn version: 
  1.22.19

Node version: 
  18.16.0

Platform: 
  linux x64

Trace: 
  Error: https://registry.yarnpkg.com/slite3: Not found
      at params.callback [as _callback] (/home/sophie/.nvm/versions/node/v18.16.0/lib/node_modules/yarn/lib/cli.js:66145:18)
      at self.callback (/home/sophie/.nvm/versions/node/v18.16.0/lib/node_modules/yarn/lib/cli.js:140890:22)
      at Request.emit (node:events:513:28)
      at Request.<anonymous> (/home/sophie/.nvm/versions/node/v18.16.0/lib/node_modules/yarn/lib/cli.js:141862:10)
      at Request.emit (node:events:513:28)
      at IncomingMessage.<anonymous> (/home/sophie/.nvm/versions/node/v18.16.0/lib/node_modules/yarn/lib/cli.js:141784:12)
      at Object.onceWrapper (node:events:627:28)
      at IncomingMessage.emit (node:events:525:35)
      at endReadableNT (node:internal/streams/readable:1359:12)
      at process.processTicksAndRejections (node:internal/process/task_queues:82:21)

npm manifest: 
  {
    "name": "company-service-api",
    "version": "1.0.0",
    "description": "",
    "main": "index.js",
    "scripts": {
      "test": "echo \"Error: no test specified\" && exit 1"
    },
    "keywords": [],
    "author": "",
    "license": "ISC"
  }

yarn manifest: 
  No manifest

Lockfile: 
  # THIS IS AN AUTOGENERATED FILE. DO NOT EDIT THIS FILE DIRECTLY.
  # yarn lockfile v1
